Using pre-set license
Built from '2020.3/staging' branch; Version is '2020.3.32f1 (12f8b0834f07) revision 1243312'; Using compiler version '192528614'; Build Type 'Release'
OS: 'Windows 10  (10.0.19045) 64bit Core' Language: 'en' Physical Memory: 16327 MB
BatchMode: 1, IsHumanControllingUs: 0, StartBugReporterOnCrash: 0, Is64bit: 1, IsPro: 0

COMMAND LINE ARGUMENTS:
C:\Program Files\Unity\Hub\Editor\2020.3.32f1\Editor\Unity.exe
-adb2
-batchMode
-noUpm
-name
AssetImportWorker0
-projectPath
F:/Github/PlatformGame/Dungeon Platformer
-logFile
Logs/AssetImportWorker0.log
-srvPort
58584
Successfully changed project path to: F:/Github/PlatformGame/Dungeon Platformer
F:/Github/PlatformGame/Dungeon Platformer
Using Asset Import Pipeline V2.
Refreshing native plugins compatible for Editor in 82.88 ms, found 2 plugins.
Preloading 0 native plugins for Editor in 0.00 ms.
Initialize engine version: 2020.3.32f1 (12f8b0834f07)
[Subsystems] Discovering subsystems at path C:/Program Files/Unity/Hub/Editor/2020.3.32f1/Editor/Data/Resources/UnitySubsystems
[Subsystems] Discovering subsystems at path F:/Github/PlatformGame/Dungeon Platformer/Assets
GfxDevice: creating device client; threaded=0
Direct3D:
    Version:  Direct3D 11.0 [level 11.1]
    Renderer: NVIDIA GeForce RTX 3060 Ti (ID=0x2489)
    Vendor:   
    VRAM:     8038 MB
    Driver:   31.0.15.3623
Initialize mono
Mono path[0] = 'C:/Program Files/Unity/Hub/Editor/2020.3.32f1/Editor/Data/Managed'
Mono path[1] = 'C:/Program Files/Unity/Hub/Editor/2020.3.32f1/Editor/Data/MonoBleedingEdge/lib/mono/unityjit'
Mono config path = 'C:/Program Files/Unity/Hub/Editor/2020.3.32f1/Editor/Data/MonoBleedingEdge/etc'
Using monoOptions --debugger-agent=transport=dt_socket,embedding=1,server=y,suspend=n,address=127.0.0.1:56936
Begin MonoManager ReloadAssembly
Registering precompiled unity dll's ...
Register platform support module: C:/Program Files/Unity/Hub/Editor/2020.3.32f1/Editor/Data/PlaybackEngines/WebGLSupport/UnityEditor.WebGL.Extensions.dll
Register platform support module: C:/Program Files/Unity/Hub/Editor/2020.3.32f1/Editor/Data/PlaybackEngines/MacStandaloneSupport/UnityEditor.OSXStandalone.Extensions.dll
Register platform support module: C:/Program Files/Unity/Hub/Editor/2020.3.32f1/Editor/Data/PlaybackEngines/WindowsStandaloneSupport/UnityEditor.WindowsStandalone.Extensions.dll
Registered in 0.005040 seconds.
Native extension for WindowsStandalone target not found
Native extension for OSXStandalone target not found
Native extension for WebGL target not found
Refreshing native plugins compatible for Editor in 66.73 ms, found 2 plugins.
Preloading 0 native plugins for Editor in 0.00 ms.
Mono: successfully reloaded assembly
- Completed reload, in  0.834 seconds
Domain Reload Profiling:
	ReloadAssembly (834ms)
		BeginReloadAssembly (96ms)
			ExecutionOrderSort (0ms)
			DisableScriptedObjects (0ms)
			BackupInstance (0ms)
			ReleaseScriptingObjects (0ms)
			CreateAndSetChildDomain (1ms)
		EndReloadAssembly (634ms)
			LoadAssemblies (93ms)
			RebuildTransferFunctionScriptingTraits (0ms)
			SetupTypeCache (214ms)
			ReleaseScriptCaches (0ms)
			RebuildScriptCaches (41ms)
			SetupLoadedEditorAssemblies (240ms)
				LogAssemblyErrors (0ms)
				InitializePlatformSupportModulesInManaged (9ms)
				SetLoadedEditorAssemblies (0ms)
				RefreshPlugins (67ms)
				BeforeProcessingInitializeOnLoad (16ms)
				ProcessInitializeOnLoadAttributes (111ms)
				ProcessInitializeOnLoadMethodAttributes (36ms)
				AfterProcessingInitializeOnLoad (0ms)
				EditorAssembliesLoaded (0ms)
			ExecutionOrderSort2 (0ms)
			AwakeInstancesAfterBackupRestoration (0ms)
Platform modules already initialized, skipping
Registering precompiled user dll's ...
Registered in 0.007199 seconds.
Begin MonoManager ReloadAssembly
Native extension for WindowsStandalone target not found
Native extension for OSXStandalone target not found
Native extension for WebGL target not found
Refreshing native plugins compatible for Editor in 0.90 ms, found 2 plugins.
Preloading 0 native plugins for Editor in 0.00 ms.
Mono: successfully reloaded assembly
- Completed reload, in  1.534 seconds
Domain Reload Profiling:
	ReloadAssembly (1535ms)
		BeginReloadAssembly (214ms)
			ExecutionOrderSort (0ms)
			DisableScriptedObjects (7ms)
			BackupInstance (0ms)
			ReleaseScriptingObjects (0ms)
			CreateAndSetChildDomain (22ms)
		EndReloadAssembly (1232ms)
			LoadAssemblies (155ms)
			RebuildTransferFunctionScriptingTraits (0ms)
			SetupTypeCache (389ms)
			ReleaseScriptCaches (1ms)
			RebuildScriptCaches (67ms)
			SetupLoadedEditorAssemblies (507ms)
				LogAssemblyErrors (0ms)
				InitializePlatformSupportModulesInManaged (9ms)
				SetLoadedEditorAssemblies (1ms)
				RefreshPlugins (1ms)
				BeforeProcessingInitializeOnLoad (138ms)
				ProcessInitializeOnLoadAttributes (252ms)
				ProcessInitializeOnLoadMethodAttributes (94ms)
				AfterProcessingInitializeOnLoad (11ms)
				EditorAssembliesLoaded (0ms)
			ExecutionOrderSort2 (0ms)
			AwakeInstancesAfterBackupRestoration (9ms)
Platform modules already initialized, skipping
========================================================================
Worker process is ready to serve import requests
Launched and connected shader compiler UnityShaderCompiler.exe after 0.06 seconds
Refreshing native plugins compatible for Editor in 0.83 ms, found 2 plugins.
Preloading 0 native plugins for Editor in 0.00 ms.
Unloading 2158 Unused Serialized files (Serialized files now loaded: 0)
System memory in use before: 88.3 MB.
System memory in use after: 88.4 MB.

Unloading 55 unused Assets to reduce memory usage. Loaded Objects now: 2566.
Total: 7.215000 ms (FindLiveObjects: 0.153500 ms CreateObjectMapping: 0.087100 ms MarkObjects: 6.860900 ms  DeleteObjects: 0.112200 ms)

AssetImportParameters requested are different than current active one (requested -> active):
  custom:framework-win-MediaFoundation: 216162199b28c13a410421893ffa2e32 -> 
  custom:video-decoder-ogg-theora: a1e56fd34408186e4bbccfd4996cb3dc -> 
  custom:container-muxer-webm: aa71ff27fc2769a1b78a27578f13a17b -> 
  custom:container-demuxer-webm: 4f35f7cbe854078d1ac9338744f61a02 -> 
  custom:container-demuxer-ogg: 62fdf1f143b41e24485cea50d1cbac27 -> 
  custom:video-encoder-webm-vp8: eb34c28f22e8b96e1ab97ce403110664 -> 
  custom:video-decoder-webm-vp8: 9c59270c3fd7afecdb556c50c9e8de78 -> 
  custom:audio-decoder-ogg-vorbis: bf7c407c2cedff20999df2af8eb42d56 -> 
  custom:audio-encoder-webm-vorbis: bf7c407c2cedff20999df2af8eb42d56 -> 
========================================================================
Received Import Request.
  path: Assets/Scenes/Options.unity
  artifactKey: Guid(80f210835e7db4e8ea4ad47345713b69) Importer(815301076,1909f56bfc062723c751e8b465ee728b)
Start importing Assets/Scenes/Options.unity using Guid(80f210835e7db4e8ea4ad47345713b69) Importer(815301076,1909f56bfc062723c751e8b465ee728b)  -> (artifact id: 'deeccae702d0de79de162e93750a7a8d') in 0.013630 seconds 
========================================================================
Received Import Request.
  Time since last request: 4.528141 seconds.
  path: Assets/Scenes/TitleScreen.unity
  artifactKey: Guid(a20e1a1a98c03d547bd060d62365d144) Importer(815301076,1909f56bfc062723c751e8b465ee728b)
Start importing Assets/Scenes/TitleScreen.unity using Guid(a20e1a1a98c03d547bd060d62365d144) Importer(815301076,1909f56bfc062723c751e8b465ee728b)  -> (artifact id: 'd713eff2900990a958d2aa47b0df8ad4') in 0.011142 seconds 
========================================================================
Received Prepare
Registering precompiled user dll's ...
Registered in 0.007134 seconds.
Begin MonoManager ReloadAssembly
Native extension for WindowsStandalone target not found
Native extension for OSXStandalone target not found
Native extension for WebGL target not found
Refreshing native plugins compatible for Editor in 1.05 ms, found 2 plugins.
Preloading 0 native plugins for Editor in 0.00 ms.
Mono: successfully reloaded assembly
- Completed reload, in  1.663 seconds
Domain Reload Profiling:
	ReloadAssembly (1664ms)
		BeginReloadAssembly (163ms)
			ExecutionOrderSort (0ms)
			DisableScriptedObjects (8ms)
			BackupInstance (0ms)
			ReleaseScriptingObjects (0ms)
			CreateAndSetChildDomain (41ms)
		EndReloadAssembly (1405ms)
			LoadAssemblies (158ms)
			RebuildTransferFunctionScriptingTraits (0ms)
			SetupTypeCache (443ms)
			ReleaseScriptCaches (1ms)
			RebuildScriptCaches (82ms)
			SetupLoadedEditorAssemblies (551ms)
				LogAssemblyErrors (0ms)
				InitializePlatformSupportModulesInManaged (11ms)
				SetLoadedEditorAssemblies (1ms)
				RefreshPlugins (1ms)
				BeforeProcessingInitializeOnLoad (150ms)
				ProcessInitializeOnLoadAttributes (281ms)
				ProcessInitializeOnLoadMethodAttributes (94ms)
				AfterProcessingInitializeOnLoad (13ms)
				EditorAssembliesLoaded (0ms)
			ExecutionOrderSort2 (0ms)
			AwakeInstancesAfterBackupRestoration (10ms)
Platform modules already initialized, skipping
Refreshing native plugins compatible for Editor in 1.32 ms, found 2 plugins.
Preloading 0 native plugins for Editor in 0.00 ms.
Unloading 2142 Unused Serialized files (Serialized files now loaded: 0)
System memory in use before: 87.3 MB.
System memory in use after: 87.4 MB.

Unloading 46 unused Assets to reduce memory usage. Loaded Objects now: 2569.
Total: 7.392600 ms (FindLiveObjects: 0.159600 ms CreateObjectMapping: 0.087500 ms MarkObjects: 7.095700 ms  DeleteObjects: 0.048300 ms)

AssetImportParameters requested are different than current active one (requested -> active):
  custom:framework-win-MediaFoundation: 216162199b28c13a410421893ffa2e32 -> 
  custom:video-decoder-ogg-theora: a1e56fd34408186e4bbccfd4996cb3dc -> 
  custom:container-muxer-webm: aa71ff27fc2769a1b78a27578f13a17b -> 
  custom:container-demuxer-webm: 4f35f7cbe854078d1ac9338744f61a02 -> 
  custom:container-demuxer-ogg: 62fdf1f143b41e24485cea50d1cbac27 -> 
  custom:video-encoder-webm-vp8: eb34c28f22e8b96e1ab97ce403110664 -> 
  custom:video-decoder-webm-vp8: 9c59270c3fd7afecdb556c50c9e8de78 -> 
  custom:audio-decoder-ogg-vorbis: bf7c407c2cedff20999df2af8eb42d56 -> 
  custom:audio-encoder-webm-vorbis: bf7c407c2cedff20999df2af8eb42d56 -> 
========================================================================
Received Import Request.
  Time since last request: 18.212697 seconds.
  path: Assets/Scenes/Runner.unity
  artifactKey: Guid(b32dd0d46658aad4dafadb6213a58224) Importer(815301076,1909f56bfc062723c751e8b465ee728b)
Start importing Assets/Scenes/Runner.unity using Guid(b32dd0d46658aad4dafadb6213a58224) Importer(815301076,1909f56bfc062723c751e8b465ee728b)  -> (artifact id: '514b5e345b43894fcdc4932b5f529b76') in 0.014505 seconds 
========================================================================
Received Import Request.
  Time since last request: 35.219254 seconds.
  path: Assets/TextMesh Pro/Fonts/8-BIT WONDER.TTF
  artifactKey: Guid(de791183db7846e499177b8ee2d23930) Importer(815301076,1909f56bfc062723c751e8b465ee728b)
Start importing Assets/TextMesh Pro/Fonts/8-BIT WONDER.TTF using Guid(de791183db7846e499177b8ee2d23930) Importer(815301076,1909f56bfc062723c751e8b465ee728b)  -> (artifact id: 'db97d0fcf22e6326496877906c75822e') in 0.190463 seconds 
========================================================================
Received Import Request.
  Time since last request: 0.000256 seconds.
  path: Assets/Fonts/roboto/Roboto-BoldCondensed.ttf
  artifactKey: Guid(c6b38d71411848944a7831bf0f9d75ca) Importer(815301076,1909f56bfc062723c751e8b465ee728b)
Start importing Assets/Fonts/roboto/Roboto-BoldCondensed.ttf using Guid(c6b38d71411848944a7831bf0f9d75ca) Importer(815301076,1909f56bfc062723c751e8b465ee728b)  -> (artifact id: 'b9c503da819026e1fd47acef3446714b') in 0.046243 seconds 
========================================================================
Received Import Request.
  Time since last request: 0.000332 seconds.
  path: Assets/Fonts/roboto/Roboto-Light.ttf
  artifactKey: Guid(becbbff2caa1ca647a968d56770b53b6) Importer(815301076,1909f56bfc062723c751e8b465ee728b)
Start importing Assets/Fonts/roboto/Roboto-Light.ttf using Guid(becbbff2caa1ca647a968d56770b53b6) Importer(815301076,1909f56bfc062723c751e8b465ee728b)  -> (artifact id: 'c935cc4bc3924db45225baaa9454147e') in 0.038074 seconds 
========================================================================
Received Import Request.
  Time since last request: 0.000220 seconds.
  path: Assets/Fonts/roboto/Roboto-BoldCondensedItalic.ttf
  artifactKey: Guid(d32a3eb18990aaa4c89f75afb7fada72) Importer(815301076,1909f56bfc062723c751e8b465ee728b)
Start importing Assets/Fonts/roboto/Roboto-BoldCondensedItalic.ttf using Guid(d32a3eb18990aaa4c89f75afb7fada72) Importer(815301076,1909f56bfc062723c751e8b465ee728b)  -> (artifact id: '4bfc32d26453a090738059f703cbf9a3') in 0.044929 seconds 
========================================================================
Received Import Request.
  Time since last request: 0.000232 seconds.
  path: Assets/Fonts/roboto/Roboto-CondensedItalic.ttf
  artifactKey: Guid(50b2b3927c797b94db14c970215cb8af) Importer(815301076,1909f56bfc062723c751e8b465ee728b)
Start importing Assets/Fonts/roboto/Roboto-CondensedItalic.ttf using Guid(50b2b3927c797b94db14c970215cb8af) Importer(815301076,1909f56bfc062723c751e8b465ee728b)  -> (artifact id: 'cf3676af70ba6545a23d75d0e3af670a') in 0.037143 seconds 
========================================================================
Received Import Request.
  Time since last request: 0.000265 seconds.
  path: Assets/Fonts/roboto/Roboto-Medium.ttf
  artifactKey: Guid(3f4e7065e3937324ab16d786a482a628) Importer(815301076,1909f56bfc062723c751e8b465ee728b)
Start importing Assets/Fonts/roboto/Roboto-Medium.ttf using Guid(3f4e7065e3937324ab16d786a482a628) Importer(815301076,1909f56bfc062723c751e8b465ee728b)  -> (artifact id: '1d977a08a80ffc90d6de18e958300530') in 0.024957 seconds 
========================================================================
Received Import Request.
  Time since last request: 0.000281 seconds.
  path: Assets/Fonts/roboto/Roboto-Regular.ttf
  artifactKey: Guid(6fd8e6cd3fc482c4b97b067df4a52e7f) Importer(815301076,1909f56bfc062723c751e8b465ee728b)
Start importing Assets/Fonts/roboto/Roboto-Regular.ttf using Guid(6fd8e6cd3fc482c4b97b067df4a52e7f) Importer(815301076,1909f56bfc062723c751e8b465ee728b)  -> (artifact id: '73734bade9bcc00ac4b20e56b9637c74') in 0.090248 seconds 
========================================================================
Received Import Request.
  Time since last request: 0.000248 seconds.
  path: Assets/Fonts/roboto/Roboto-Bold.ttf
  artifactKey: Guid(1d59b62118117514082a962a8671a5b8) Importer(815301076,1909f56bfc062723c751e8b465ee728b)
Start importing Assets/Fonts/roboto/Roboto-Bold.ttf using Guid(1d59b62118117514082a962a8671a5b8) Importer(815301076,1909f56bfc062723c751e8b465ee728b)  -> (artifact id: '2bf064a5363e7ec2ff94a059663e4e44') in 0.025888 seconds 
========================================================================
Received Import Request.
  Time since last request: 0.000289 seconds.
  path: Assets/Fonts/roboto/Roboto-MediumItalic.ttf
  artifactKey: Guid(7f46f78d96c45f7459ea9627b65f047f) Importer(815301076,1909f56bfc062723c751e8b465ee728b)
Start importing Assets/Fonts/roboto/Roboto-MediumItalic.ttf using Guid(7f46f78d96c45f7459ea9627b65f047f) Importer(815301076,1909f56bfc062723c751e8b465ee728b)  -> (artifact id: '37a62bd60e68fb5d94d6c32241d2a169') in 0.026942 seconds 
========================================================================
Received Import Request.
  Time since last request: 0.000247 seconds.
  path: Assets/Fonts/roboto/Roboto-LightItalic.ttf
  artifactKey: Guid(302ac9f1b39debe4caf5d26805fbadf4) Importer(815301076,1909f56bfc062723c751e8b465ee728b)
Start importing Assets/Fonts/roboto/Roboto-LightItalic.ttf using Guid(302ac9f1b39debe4caf5d26805fbadf4) Importer(815301076,1909f56bfc062723c751e8b465ee728b)  -> (artifact id: 'f04cbb43c1852e16b46935168138482a') in 0.028598 seconds 
========================================================================
Received Import Request.
  Time since last request: 0.000238 seconds.
  path: Assets/TextMesh Pro/Fonts/LiberationSans.ttf
  artifactKey: Guid(e3265ab4bf004d28a9537516768c1c75) Importer(815301076,1909f56bfc062723c751e8b465ee728b)
Start importing Assets/TextMesh Pro/Fonts/LiberationSans.ttf using Guid(e3265ab4bf004d28a9537516768c1c75) Importer(815301076,1909f56bfc062723c751e8b465ee728b)  -> (artifact id: '63c5dfb400052acde0cdd7135c8e2d6a') in 0.022010 seconds 
========================================================================
Received Import Request.
  Time since last request: 0.000307 seconds.
  path: Assets/Fonts/roboto/Roboto-BoldItalic.ttf
  artifactKey: Guid(caaa8957c84a8be4586f70e3a3b52f92) Importer(815301076,1909f56bfc062723c751e8b465ee728b)
Start importing Assets/Fonts/roboto/Roboto-BoldItalic.ttf using Guid(caaa8957c84a8be4586f70e3a3b52f92) Importer(815301076,1909f56bfc062723c751e8b465ee728b)  -> (artifact id: '674d3968c6d9333eb1021d3700f35c09') in 0.024119 seconds 
========================================================================
Received Import Request.
  Time since last request: 0.000293 seconds.
  path: Assets/Fonts/roboto/Roboto-Condensed.ttf
  artifactKey: Guid(1b192c291e040994dab2b3be06e08257) Importer(815301076,1909f56bfc062723c751e8b465ee728b)
Start importing Assets/Fonts/roboto/Roboto-Condensed.ttf using Guid(1b192c291e040994dab2b3be06e08257) Importer(815301076,1909f56bfc062723c751e8b465ee728b)  -> (artifact id: 'b0255772bcba7b087a2eb3e9f436b487') in 0.029879 seconds 
========================================================================
Received Import Request.
  Time since last request: 0.000248 seconds.
  path: Assets/Fonts/roboto/Roboto-Italic.ttf
  artifactKey: Guid(c70f9f4a21b480b4295a75903eff82b0) Importer(815301076,1909f56bfc062723c751e8b465ee728b)
Start importing Assets/Fonts/roboto/Roboto-Italic.ttf using Guid(c70f9f4a21b480b4295a75903eff82b0) Importer(815301076,1909f56bfc062723c751e8b465ee728b)  -> (artifact id: '7d6c44783963f918824a757a08133c2c') in 0.024752 seconds 
========================================================================
Received Import Request.
  Time since last request: 0.000264 seconds.
  path: Assets/Fonts/roboto/Roboto-ThinItalic.ttf
  artifactKey: Guid(845bb079f559e4e46a18a16de092f1a4) Importer(815301076,1909f56bfc062723c751e8b465ee728b)
Start importing Assets/Fonts/roboto/Roboto-ThinItalic.ttf using Guid(845bb079f559e4e46a18a16de092f1a4) Importer(815301076,1909f56bfc062723c751e8b465ee728b)  -> (artifact id: '28c15e452d682aa94e793abf44549ee1') in 0.025700 seconds 
========================================================================
Received Import Request.
  Time since last request: 0.000279 seconds.
  path: Assets/Fonts/roboto/Roboto-BlackItalic.ttf
  artifactKey: Guid(250b8ef08bc30434d9ddef23c871291d) Importer(815301076,1909f56bfc062723c751e8b465ee728b)
Start importing Assets/Fonts/roboto/Roboto-BlackItalic.ttf using Guid(250b8ef08bc30434d9ddef23c871291d) Importer(815301076,1909f56bfc062723c751e8b465ee728b)  -> (artifact id: '5cbaa951be2bbfdd77c62604063b4cf5') in 0.024274 seconds 
========================================================================
Received Import Request.
  Time since last request: 0.000214 seconds.
  path: Assets/Fonts/roboto/Roboto-Black.ttf
  artifactKey: Guid(d1f2cc181070bf046accee3d778c488b) Importer(815301076,1909f56bfc062723c751e8b465ee728b)
Start importing Assets/Fonts/roboto/Roboto-Black.ttf using Guid(d1f2cc181070bf046accee3d778c488b) Importer(815301076,1909f56bfc062723c751e8b465ee728b)  -> (artifact id: '6f3a2efae8e942ed547785bac1294ca1') in 0.020835 seconds 
========================================================================
Received Import Request.
  Time since last request: 0.000248 seconds.
  path: Assets/Fonts/roboto/Roboto-Thin.ttf
  artifactKey: Guid(62985ff57bd72dc40a3f09e5fab8694c) Importer(815301076,1909f56bfc062723c751e8b465ee728b)
Start importing Assets/Fonts/roboto/Roboto-Thin.ttf using Guid(62985ff57bd72dc40a3f09e5fab8694c) Importer(815301076,1909f56bfc062723c751e8b465ee728b)  -> (artifact id: 'f28d4f63f4c436be49324a45f6d43b89') in 0.025289 seconds 
========================================================================
Received Prepare
Registering precompiled user dll's ...
Registered in 0.006457 seconds.
Begin MonoManager ReloadAssembly
Native extension for WindowsStandalone target not found
Native extension for OSXStandalone target not found
Native extension for WebGL target not found
Refreshing native plugins compatible for Editor in 0.93 ms, found 2 plugins.
Preloading 0 native plugins for Editor in 0.00 ms.
Mono: successfully reloaded assembly
- Completed reload, in  1.412 seconds
Domain Reload Profiling:
	ReloadAssembly (1412ms)
		BeginReloadAssembly (154ms)
			ExecutionOrderSort (0ms)
			DisableScriptedObjects (7ms)
			BackupInstance (0ms)
			ReleaseScriptingObjects (0ms)
			CreateAndSetChildDomain (40ms)
		EndReloadAssembly (1172ms)
			LoadAssemblies (150ms)
			RebuildTransferFunctionScriptingTraits (0ms)
			SetupTypeCache (359ms)
			ReleaseScriptCaches (1ms)
			RebuildScriptCaches (65ms)
			SetupLoadedEditorAssemblies (479ms)
				LogAssemblyErrors (0ms)
				InitializePlatformSupportModulesInManaged (9ms)
				SetLoadedEditorAssemblies (1ms)
				RefreshPlugins (1ms)
				BeforeProcessingInitializeOnLoad (137ms)
				ProcessInitializeOnLoadAttributes (232ms)
				ProcessInitializeOnLoadMethodAttributes (87ms)
				AfterProcessingInitializeOnLoad (12ms)
				EditorAssembliesLoaded (0ms)
			ExecutionOrderSort2 (0ms)
			AwakeInstancesAfterBackupRestoration (12ms)
Platform modules already initialized, skipping
Refreshing native plugins compatible for Editor in 0.91 ms, found 2 plugins.
Preloading 0 native plugins for Editor in 0.00 ms.
Unloading 2142 Unused Serialized files (Serialized files now loaded: 0)
System memory in use before: 90.7 MB.
System memory in use after: 90.8 MB.

Unloading 46 unused Assets to reduce memory usage. Loaded Objects now: 2616.
Total: 9.294900 ms (FindLiveObjects: 0.157900 ms CreateObjectMapping: 0.103100 ms MarkObjects: 8.882400 ms  DeleteObjects: 0.149900 ms)

AssetImportParameters requested are different than current active one (requested -> active):
  custom:framework-win-MediaFoundation: 216162199b28c13a410421893ffa2e32 -> 
  custom:video-decoder-ogg-theora: a1e56fd34408186e4bbccfd4996cb3dc -> 
  custom:container-muxer-webm: aa71ff27fc2769a1b78a27578f13a17b -> 
  custom:container-demuxer-webm: 4f35f7cbe854078d1ac9338744f61a02 -> 
  custom:container-demuxer-ogg: 62fdf1f143b41e24485cea50d1cbac27 -> 
  custom:video-encoder-webm-vp8: eb34c28f22e8b96e1ab97ce403110664 -> 
  custom:video-decoder-webm-vp8: 9c59270c3fd7afecdb556c50c9e8de78 -> 
  custom:audio-decoder-ogg-vorbis: bf7c407c2cedff20999df2af8eb42d56 -> 
  custom:audio-encoder-webm-vorbis: bf7c407c2cedff20999df2af8eb42d56 -> 
========================================================================
Received Prepare
Registering precompiled user dll's ...
Registered in 0.006772 seconds.
Begin MonoManager ReloadAssembly
Native extension for WindowsStandalone target not found
Native extension for OSXStandalone target not found
Native extension for WebGL target not found
Refreshing native plugins compatible for Editor in 0.97 ms, found 2 plugins.
Preloading 0 native plugins for Editor in 0.00 ms.
Mono: successfully reloaded assembly
- Completed reload, in  1.556 seconds
Domain Reload Profiling:
	ReloadAssembly (1557ms)
		BeginReloadAssembly (153ms)
			ExecutionOrderSort (0ms)
			DisableScriptedObjects (8ms)
			BackupInstance (0ms)
			ReleaseScriptingObjects (0ms)
			CreateAndSetChildDomain (39ms)
		EndReloadAssembly (1317ms)
			LoadAssemblies (179ms)
			RebuildTransferFunctionScriptingTraits (0ms)
			SetupTypeCache (405ms)
			ReleaseScriptCaches (2ms)
			RebuildScriptCaches (75ms)
			SetupLoadedEditorAssemblies (523ms)
				LogAssemblyErrors (0ms)
				InitializePlatformSupportModulesInManaged (13ms)
				SetLoadedEditorAssemblies (1ms)
				RefreshPlugins (1ms)
				BeforeProcessingInitializeOnLoad (171ms)
				ProcessInitializeOnLoadAttributes (243ms)
				ProcessInitializeOnLoadMethodAttributes (82ms)
				AfterProcessingInitializeOnLoad (12ms)
				EditorAssembliesLoaded (0ms)
			ExecutionOrderSort2 (0ms)
			AwakeInstancesAfterBackupRestoration (9ms)
Platform modules already initialized, skipping
Refreshing native plugins compatible for Editor in 0.97 ms, found 2 plugins.
Preloading 0 native plugins for Editor in 0.00 ms.
Unloading 2142 Unused Serialized files (Serialized files now loaded: 0)
System memory in use before: 90.7 MB.
System memory in use after: 90.8 MB.

Unloading 46 unused Assets to reduce memory usage. Loaded Objects now: 2619.
Total: 7.389400 ms (FindLiveObjects: 0.154400 ms CreateObjectMapping: 0.086900 ms MarkObjects: 7.112400 ms  DeleteObjects: 0.034100 ms)

AssetImportParameters requested are different than current active one (requested -> active):
  custom:framework-win-MediaFoundation: 216162199b28c13a410421893ffa2e32 -> 
  custom:video-decoder-ogg-theora: a1e56fd34408186e4bbccfd4996cb3dc -> 
  custom:container-muxer-webm: aa71ff27fc2769a1b78a27578f13a17b -> 
  custom:container-demuxer-webm: 4f35f7cbe854078d1ac9338744f61a02 -> 
  custom:container-demuxer-ogg: 62fdf1f143b41e24485cea50d1cbac27 -> 
  custom:video-encoder-webm-vp8: eb34c28f22e8b96e1ab97ce403110664 -> 
  custom:video-decoder-webm-vp8: 9c59270c3fd7afecdb556c50c9e8de78 -> 
  custom:audio-decoder-ogg-vorbis: bf7c407c2cedff20999df2af8eb42d56 -> 
  custom:audio-encoder-webm-vorbis: bf7c407c2cedff20999df2af8eb42d56 -> 
========================================================================
Received Prepare
Refreshing native plugins compatible for Editor in 16.75 ms, found 2 plugins.
Preloading 0 native plugins for Editor in 0.00 ms.
Unloading 45 Unused Serialized files (Serialized files now loaded: 0)
System memory in use before: 49.0 MB.
System memory in use after: 49.2 MB.

Unloading 44 unused Assets to reduce memory usage. Loaded Objects now: 2619.
Total: 7.426900 ms (FindLiveObjects: 0.169800 ms CreateObjectMapping: 0.088300 ms MarkObjects: 7.115000 ms  DeleteObjects: 0.052400 ms)

AssetImportParameters requested are different than current active one (requested -> active):
  custom:framework-win-MediaFoundation: 216162199b28c13a410421893ffa2e32 -> 
  custom:video-decoder-ogg-theora: a1e56fd34408186e4bbccfd4996cb3dc -> 
  custom:container-muxer-webm: aa71ff27fc2769a1b78a27578f13a17b -> 
  custom:container-demuxer-webm: 4f35f7cbe854078d1ac9338744f61a02 -> 
  custom:container-demuxer-ogg: 62fdf1f143b41e24485cea50d1cbac27 -> 
  custom:video-encoder-webm-vp8: eb34c28f22e8b96e1ab97ce403110664 -> 
  custom:video-decoder-webm-vp8: 9c59270c3fd7afecdb556c50c9e8de78 -> 
  custom:audio-decoder-ogg-vorbis: bf7c407c2cedff20999df2af8eb42d56 -> 
  custom:audio-encoder-webm-vorbis: bf7c407c2cedff20999df2af8eb42d56 -> 
AssetImportWorkerClient::OnTransportError - code=2 error=End of file
